This file contains any messages produced by compilers while
running configure, to aid debugging if configure makes a mistake.

It was created by myproject02 configure 0.1.0, which was
generated by GNU Autoconf 2.69.  Invocation command line was

  $ ./configure 

## --------- ##
## Platform. ##
## --------- ##

hostname = localhost.localdomain
uname -m = x86_64
uname -r = 4.10.8-100.fc24.x86_64
uname -s = Linux
uname -v = #1 SMP Fri Mar 31 13:20:57 UTC 2017

/usr/bin/uname -p = x86_64
/bin/uname -X     = unknown

/bin/arch              = x86_64
/usr/bin/arch -k       = unknown
/usr/convex/getsysinfo = unknown
/usr/bin/hostinfo      = unknown
/bin/machine           = unknown
/usr/bin/oslevel       = unknown
/bin/universe          = unknown

PATH: /home/mhcrnl/miniconda2/bin
PATH: /home/mhcrnl/perl5/bin
PATH: /home/mhcrnl/perl5/bin
PATH: /usr/libexec/python2-sphinx
PATH: /usr/lib64/qt-3.3/bin
PATH: /usr/local/bin
PATH: /usr/local/sbin
PATH: /usr/bin
PATH: /usr/sbin
PATH: /home/mhcrnl/.local/bin
PATH: /home/mhcrnl/bin


## ----------- ##
## Core tests. ##
## ----------- ##

configure:2267: checking build system type
configure:2281: result: x86_64-unknown-linux-gnu
configure:2301: checking host system type
configure:2314: result: x86_64-unknown-linux-gnu
configure:2357: checking whether make supports nested variables
configure:2374: result: yes
configure:2401: checking for a BSD-compatible install
configure:2469: result: /usr/bin/install -c
configure:2480: checking whether build environment is sane
configure:2535: result: yes
configure:2686: checking for a thread-safe mkdir -p
configure:2725: result: /usr/bin/mkdir -p
configure:2732: checking for gawk
configure:2748: found /usr/bin/gawk
configure:2759: result: gawk
configure:2770: checking whether make sets $(MAKE)
configure:2792: result: yes
configure:2888: checking whether UID '1000' is supported by ustar format
configure:2891: result: yes
configure:2898: checking whether GID '1000' is supported by ustar format
configure:2901: result: yes
configure:2909: checking how to create a ustar tar archive
configure:2920: tar --version
tar (GNU tar) 1.28
Copyright (C) 2014 Free Software Foundation, Inc.
License GPLv3+: GNU GPL version 3 or later <http://gnu.org/licenses/gpl.html>.
This is free software: you are free to change and redistribute it.
There is NO WARRANTY, to the extent permitted by law.

Written by John Gilmore and Jay Fenlason.
configure:2923: $? = 0
configure:2963: tardir=conftest.dir && eval tar --format=ustar -chf - "$tardir" >conftest.tar
configure:2966: $? = 0
configure:2970: tar -xf - <conftest.tar
configure:2973: $? = 0
configure:2975: cat conftest.dir/file
GrepMe
configure:2978: $? = 0
configure:2991: result: gnutar
configure:3042: checking whether to enable maintainer-specific portions of Makefiles
configure:3051: result: yes
configure:3069: checking for git
configure:3087: found /usr/bin/git
configure:3100: result: /usr/bin/git
configure:3151: checking whether to enable debugging
configure:3213: result: no
configure:3259: checking for a sed that does not truncate output
configure:3323: result: /usr/bin/sed
configure:3329: checking whether NLS is requested
configure:3338: result: yes
configure:3378: checking for msgfmt
configure: trying /usr/bin/msgfmt...
0 translated messages.
configure:3410: result: /usr/bin/msgfmt
configure:3419: checking for gmsgfmt
configure:3450: result: /usr/bin/msgfmt
configure:3500: checking for xgettext
configure: trying /usr/bin/xgettext...
/usr/bin/xgettext: warning: file '/dev/null' extension '' is unknown; will try C
configure:3532: result: /usr/bin/xgettext
configure:3577: checking for msgmerge
configure: trying /usr/bin/msgmerge...
configure:3608: result: /usr/bin/msgmerge
configure:3653: checking for style of include used by make
configure:3681: result: GNU
configure:3752: checking for gcc
configure:3768: found /usr/bin/gcc
configure:3779: result: gcc
configure:4008: checking for C compiler version
configure:4017: gcc --version >&5
gcc (GCC) 6.3.1 20161221 (Red Hat 6.3.1-1)
Copyright (C) 2016 Free Software Foundation, Inc.
This is free software; see the source for copying conditions.  There is NO
warranty; not even for MERCHANTABILITY or FITNESS FOR A PARTICULAR PURPOSE.

configure:4028: $? = 0
configure:4017: gcc -v >&5
Using built-in specs.
COLLECT_GCC=gcc
COLLECT_LTO_WRAPPER=/usr/libexec/gcc/x86_64-redhat-linux/6.3.1/lto-wrapper
Target: x86_64-redhat-linux
Configured with: ../configure --enable-bootstrap --enable-languages=c,c++,objc,obj-c++,fortran,ada,go,lto --prefix=/usr --mandir=/usr/share/man --infodir=/usr/share/info --with-bugurl=http://bugzilla.redhat.com/bugzilla --enable-shared --enable-threads=posix --enable-checking=release --enable-multilib --with-system-zlib --enable-__cxa_atexit --disable-libunwind-exceptions --enable-gnu-unique-object --enable-linker-build-id --with-linker-hash-style=gnu --enable-plugin --enable-initfini-array --disable-libgcj --with-isl --enable-libmpx --enable-gnu-indirect-function --with-tune=generic --with-arch_32=i686 --build=x86_64-redhat-linux
Thread model: posix
gcc version 6.3.1 20161221 (Red Hat 6.3.1-1) (GCC) 
configure:4028: $? = 0
configure:4017: gcc -V >&5
gcc: error: unrecognized command line option '-V'
gcc: fatal error: no input files
compilation terminated.
configure:4028: $? = 1
configure:4017: gcc -qversion >&5
gcc: error: unrecognized command line option '-qversion'; did you mean '--version'?
gcc: fatal error: no input files
compilation terminated.
configure:4028: $? = 1
configure:4048: checking whether the C compiler works
configure:4070: gcc    conftest.c  >&5
configure:4074: $? = 0
configure:4122: result: yes
configure:4125: checking for C compiler default output file name
configure:4127: result: a.out
configure:4133: checking for suffix of executables
configure:4140: gcc -o conftest    conftest.c  >&5
configure:4144: $? = 0
configure:4166: result: 
configure:4188: checking whether we are cross compiling
configure:4196: gcc -o conftest    conftest.c  >&5
configure:4200: $? = 0
configure:4207: ./conftest
configure:4211: $? = 0
configure:4226: result: no
configure:4231: checking for suffix of object files
configure:4253: gcc -c   conftest.c >&5
configure:4257: $? = 0
configure:4278: result: o
configure:4282: checking whether we are using the GNU C compiler
configure:4301: gcc -c   conftest.c >&5
configure:4301: $? = 0
configure:4310: result: yes
configure:4319: checking whether gcc accepts -g
configure:4339: gcc -c -g  conftest.c >&5
configure:4339: $? = 0
configure:4380: result: yes
configure:4397: checking for gcc option to accept ISO C89
configure:4460: gcc  -c   conftest.c >&5
configure:4460: $? = 0
configure:4473: result: none needed
configure:4498: checking whether gcc understands -c and -o together
configure:4520: gcc -c conftest.c -o conftest2.o
configure:4523: $? = 0
configure:4520: gcc -c conftest.c -o conftest2.o
configure:4523: $? = 0
configure:4535: result: yes
configure:4554: checking dependency style of gcc
configure:4665: result: none
configure:4705: checking for ld used by gcc
configure:4772: result: /usr/bin/ld
configure:4779: checking if the linker (/usr/bin/ld) is GNU ld
configure:4794: result: yes
configure:4801: checking for shared library run path origin
configure:4814: result: done
configure:4839: checking how to run the C preprocessor
configure:4870: gcc -E  conftest.c
configure:4870: $? = 0
configure:4884: gcc -E  conftest.c
conftest.c:13:28: fatal error: ac_nonexistent.h: No such file or directory
 #include <ac_nonexistent.h>
                            ^
compilation terminated.
configure:4884: $? = 1
configure: failed program was:
| /* confdefs.h */
| #define PACKAGE_NAME "myproject02"
| #define PACKAGE_TARNAME "myproject02"
| #define PACKAGE_VERSION "0.1.0"
| #define PACKAGE_STRING "myproject02 0.1.0"
| #define PACKAGE_BUGREPORT "https://bugzilla.gnome.org/enter_bug.cgi?product=myproject02"
| #define PACKAGE_URL ""
| #define PACKAGE "myproject02"
| #define VERSION "0.1.0"
| #define NDEBUG /**/
| #define GETTEXT_PACKAGE "myproject02"
| /* end confdefs.h.  */
| #include <ac_nonexistent.h>
configure:4909: result: gcc -E
configure:4929: gcc -E  conftest.c
configure:4929: $? = 0
configure:4943: gcc -E  conftest.c
conftest.c:13:28: fatal error: ac_nonexistent.h: No such file or directory
 #include <ac_nonexistent.h>
                            ^
compilation terminated.
configure:4943: $? = 1
configure: failed program was:
| /* confdefs.h */
| #define PACKAGE_NAME "myproject02"
| #define PACKAGE_TARNAME "myproject02"
| #define PACKAGE_VERSION "0.1.0"
| #define PACKAGE_STRING "myproject02 0.1.0"
| #define PACKAGE_BUGREPORT "https://bugzilla.gnome.org/enter_bug.cgi?product=myproject02"
| #define PACKAGE_URL ""
| #define PACKAGE "myproject02"
| #define VERSION "0.1.0"
| #define NDEBUG /**/
| #define GETTEXT_PACKAGE "myproject02"
| /* end confdefs.h.  */
| #include <ac_nonexistent.h>
configure:4972: checking for grep that handles long lines and -e
configure:5030: result: /usr/bin/grep
configure:5035: checking for egrep
configure:5097: result: /usr/bin/grep -E
configure:5655: checking for CFPreferencesCopyAppValue
configure:5673: gcc -o conftest    conftest.c  -Wl,-framework -Wl,CoreFoundation >&5
conftest.c:13:42: fatal error: CoreFoundation/CFPreferences.h: No such file or directory
 #include <CoreFoundation/CFPreferences.h>
                                          ^
compilation terminated.
configure:5673: $? = 1
configure: failed program was:
| /* confdefs.h */
| #define PACKAGE_NAME "myproject02"
| #define PACKAGE_TARNAME "myproject02"
| #define PACKAGE_VERSION "0.1.0"
| #define PACKAGE_STRING "myproject02 0.1.0"
| #define PACKAGE_BUGREPORT "https://bugzilla.gnome.org/enter_bug.cgi?product=myproject02"
| #define PACKAGE_URL ""
| #define PACKAGE "myproject02"
| #define VERSION "0.1.0"
| #define NDEBUG /**/
| #define GETTEXT_PACKAGE "myproject02"
| /* end confdefs.h.  */
| #include <CoreFoundation/CFPreferences.h>
| int
| main ()
| {
| CFPreferencesCopyAppValue(NULL, NULL)
|   ;
|   return 0;
| }
configure:5682: result: no
configure:5689: checking for CFLocaleCopyCurrent
configure:5707: gcc -o conftest    conftest.c  -Wl,-framework -Wl,CoreFoundation >&5
conftest.c:13:37: fatal error: CoreFoundation/CFLocale.h: No such file or directory
 #include <CoreFoundation/CFLocale.h>
                                     ^
compilation terminated.
configure:5707: $? = 1
configure: failed program was:
| /* confdefs.h */
| #define PACKAGE_NAME "myproject02"
| #define PACKAGE_TARNAME "myproject02"
| #define PACKAGE_VERSION "0.1.0"
| #define PACKAGE_STRING "myproject02 0.1.0"
| #define PACKAGE_BUGREPORT "https://bugzilla.gnome.org/enter_bug.cgi?product=myproject02"
| #define PACKAGE_URL ""
| #define PACKAGE "myproject02"
| #define VERSION "0.1.0"
| #define NDEBUG /**/
| #define GETTEXT_PACKAGE "myproject02"
| /* end confdefs.h.  */
| #include <CoreFoundation/CFLocale.h>
| int
| main ()
| {
| CFLocaleCopyCurrent();
|   ;
|   return 0;
| }
configure:5716: result: no
configure:5765: checking for GNU gettext in libc
configure:5789: gcc -o conftest    conftest.c  >&5
configure:5789: $? = 0
configure:5798: result: yes
configure:6635: checking whether to use NLS
configure:6637: result: yes
configure:6640: checking where the gettext function comes from
configure:6651: result: libc
configure:6758: checking for gcc
configure:6785: result: gcc
configure:7014: checking for C compiler version
configure:7023: gcc --version >&5
gcc (GCC) 6.3.1 20161221 (Red Hat 6.3.1-1)
Copyright (C) 2016 Free Software Foundation, Inc.
This is free software; see the source for copying conditions.  There is NO
warranty; not even for MERCHANTABILITY or FITNESS FOR A PARTICULAR PURPOSE.

configure:7034: $? = 0
configure:7023: gcc -v >&5
Using built-in specs.
COLLECT_GCC=gcc
COLLECT_LTO_WRAPPER=/usr/libexec/gcc/x86_64-redhat-linux/6.3.1/lto-wrapper
Target: x86_64-redhat-linux
Configured with: ../configure --enable-bootstrap --enable-languages=c,c++,objc,obj-c++,fortran,ada,go,lto --prefix=/usr --mandir=/usr/share/man --infodir=/usr/share/info --with-bugurl=http://bugzilla.redhat.com/bugzilla --enable-shared --enable-threads=posix --enable-checking=release --enable-multilib --with-system-zlib --enable-__cxa_atexit --disable-libunwind-exceptions --enable-gnu-unique-object --enable-linker-build-id --with-linker-hash-style=gnu --enable-plugin --enable-initfini-array --disable-libgcj --with-isl --enable-libmpx --enable-gnu-indirect-function --with-tune=generic --with-arch_32=i686 --build=x86_64-redhat-linux
Thread model: posix
gcc version 6.3.1 20161221 (Red Hat 6.3.1-1) (GCC) 
configure:7034: $? = 0
configure:7023: gcc -V >&5
gcc: error: unrecognized command line option '-V'
gcc: fatal error: no input files
compilation terminated.
configure:7034: $? = 1
configure:7023: gcc -qversion >&5
gcc: error: unrecognized command line option '-qversion'; did you mean '--version'?
gcc: fatal error: no input files
compilation terminated.
configure:7034: $? = 1
configure:7038: checking whether we are using the GNU C compiler
configure:7066: result: yes
configure:7075: checking whether gcc accepts -g
configure:7136: result: yes
configure:7153: checking for gcc option to accept ISO C89
configure:7229: result: none needed
configure:7254: checking whether gcc understands -c and -o together
configure:7291: result: yes
configure:7310: checking dependency style of gcc
configure:7421: result: none
configure:7437: checking for a sed that does not truncate output
configure:7501: result: /usr/bin/sed
configure:7508: checking for glib-genmarshal
configure:7526: found /usr/bin/glib-genmarshal
configure:7538: result: /usr/bin/glib-genmarshal
configure:7548: checking for glib-mkenums
configure:7566: found /usr/bin/glib-mkenums
configure:7578: result: /usr/bin/glib-mkenums
configure:7588: checking for glib-compile-resources
configure:7606: found /usr/bin/glib-compile-resources
configure:7618: result: /usr/bin/glib-compile-resources
configure:7680: checking for pkg-config
configure:7698: found /usr/bin/pkg-config
configure:7710: result: /usr/bin/pkg-config
configure:7735: checking pkg-config is at least version 0.22
configure:7738: result: yes
configure:7812: checking for pkg-config
configure:7842: result: /usr/bin/pkg-config
configure:7867: checking pkg-config is at least version 0.16
configure:7870: result: yes
configure:7989: checking for gobject-introspection
configure:8020: $PKG_CONFIG --exists --print-errors "gobject-introspection-1.0 >= 1.42.0"
configure:8023: $? = 0
configure:8035: result: yes
configure:8196: checking for pkg-config
configure:8226: result: /usr/bin/pkg-config
configure:8251: checking pkg-config is at least version 0.9.0
configure:8254: result: yes
configure:8264: $PKG_CONFIG --exists --print-errors "$vapigen_pkg"
configure:8267: $? = 0
configure:8293: checking for vapigen
configure:8315: result: yes
configure:8402: checking whether C compiler accepts -Werror=unknown-warning-option
configure:8421: gcc -c   -Werror=unknown-warning-option  conftest.c >&5
cc1: error: -Werror=unknown-warning-option: no option -Wunknown-warning-option
configure:8421: $? = 1
configure: failed program was:
| /* confdefs.h */
| #define PACKAGE_NAME "myproject02"
| #define PACKAGE_TARNAME "myproject02"
| #define PACKAGE_VERSION "0.1.0"
| #define PACKAGE_STRING "myproject02 0.1.0"
| #define PACKAGE_BUGREPORT "https://bugzilla.gnome.org/enter_bug.cgi?product=myproject02"
| #define PACKAGE_URL ""
| #define PACKAGE "myproject02"
| #define VERSION "0.1.0"
| #define NDEBUG /**/
| #define GETTEXT_PACKAGE "myproject02"
| #define ENABLE_NLS 1
| #define HAVE_GETTEXT 1
| #define HAVE_DCGETTEXT 1
| /* end confdefs.h.  */
| 
| int
| main ()
| {
| 
|   ;
|   return 0;
| }
configure:8429: result: no
configure:8443: checking whether C compiler accepts -Wno-suggest-attribute=format
configure:8462: gcc -c   -Wno-suggest-attribute=format  conftest.c >&5
configure:8462: $? = 0
configure:8470: result: yes
configure:8490: checking whether C compiler accepts -fno-strict-aliasing
configure:8509: gcc -c   -fno-strict-aliasing  conftest.c >&5
configure:8509: $? = 0
configure:8518: result: yes
configure:8545: : WARN_CFLAGS="$WARN_CFLAGS"
configure:8548: $? = 0
configure:8569: checking whether C compiler accepts -Wall
configure:8588: gcc -c   -Wall  conftest.c >&5
configure:8588: $? = 0
configure:8597: result: yes
configure:8613: : WARN_CFLAGS="$WARN_CFLAGS"
configure:8616: $? = 0
configure:8569: checking whether C compiler accepts -Wextra
configure:8588: gcc -c   -Wextra  conftest.c >&5
configure:8588: $? = 0
configure:8597: result: yes
configure:8613: : WARN_CFLAGS="$WARN_CFLAGS"
configure:8616: $? = 0
configure:8569: checking whether C compiler accepts -Wundef
configure:8588: gcc -c   -Wundef  conftest.c >&5
configure:8588: $? = 0
configure:8597: result: yes
configure:8613: : WARN_CFLAGS="$WARN_CFLAGS"
configure:8616: $? = 0
configure:8569: checking whether C compiler accepts -Wnested-externs
configure:8588: gcc -c   -Wnested-externs  conftest.c >&5
configure:8588: $? = 0
configure:8597: result: yes
configure:8613: : WARN_CFLAGS="$WARN_CFLAGS"
configure:8616: $? = 0
configure:8569: checking whether C compiler accepts -Wwrite-strings
configure:8588: gcc -c   -Wwrite-strings  conftest.c >&5
configure:8588: $? = 0
configure:8597: result: yes
configure:8613: : WARN_CFLAGS="$WARN_CFLAGS"
configure:8616: $? = 0
configure:8569: checking whether C compiler accepts -Wpointer-arith
configure:8588: gcc -c   -Wpointer-arith  conftest.c >&5
configure:8588: $? = 0
configure:8597: result: yes
configure:8613: : WARN_CFLAGS="$WARN_CFLAGS"
configure:8616: $? = 0
configure:8569: checking whether C compiler accepts -Wmissing-declarations
configure:8588: gcc -c   -Wmissing-declarations  conftest.c >&5
configure:8588: $? = 0
configure:8597: result: yes
configure:8613: : WARN_CFLAGS="$WARN_CFLAGS"
configure:8616: $? = 0
configure:8569: checking whether C compiler accepts -Wmissing-prototypes
configure:8588: gcc -c   -Wmissing-prototypes  conftest.c >&5
configure:8588: $? = 0
configure:8597: result: yes
configure:8613: : WARN_CFLAGS="$WARN_CFLAGS"
configure:8616: $? = 0
configure:8569: checking whether C compiler accepts -Wstrict-prototypes
configure:8588: gcc -c   -Wstrict-prototypes  conftest.c >&5
conftest.c:18:1: warning: function declaration isn't a prototype [-Wstrict-prototypes]
 main ()
 ^~~~
configure:8588: $? = 0
configure:8597: result: yes
configure:8613: : WARN_CFLAGS="$WARN_CFLAGS"
configure:8616: $? = 0
configure:8569: checking whether C compiler accepts -Wredundant-decls
configure:8588: gcc -c   -Wredundant-decls  conftest.c >&5
configure:8588: $? = 0
configure:8597: result: yes
configure:8613: : WARN_CFLAGS="$WARN_CFLAGS"
configure:8616: $? = 0
configure:8569: checking whether C compiler accepts -Wno-unused-parameter
configure:8588: gcc -c   -Wno-unused-parameter  conftest.c >&5
configure:8588: $? = 0
configure:8597: result: yes
configure:8613: : WARN_CFLAGS="$WARN_CFLAGS"
configure:8616: $? = 0
configure:8569: checking whether C compiler accepts -Wno-missing-field-initializers
configure:8588: gcc -c   -Wno-missing-field-initializers  conftest.c >&5
configure:8588: $? = 0
configure:8597: result: yes
configure:8613: : WARN_CFLAGS="$WARN_CFLAGS"
configure:8616: $? = 0
configure:8569: checking whether C compiler accepts -Wdeclaration-after-statement
configure:8588: gcc -c   -Wdeclaration-after-statement  conftest.c >&5
configure:8588: $? = 0
configure:8597: result: yes
configure:8613: : WARN_CFLAGS="$WARN_CFLAGS"
configure:8616: $? = 0
configure:8569: checking whether C compiler accepts -Wformat=2
configure:8588: gcc -c   -Wformat=2  conftest.c >&5
configure:8588: $? = 0
configure:8597: result: yes
configure:8613: : WARN_CFLAGS="$WARN_CFLAGS"
configure:8616: $? = 0
configure:8569: checking whether C compiler accepts -Wold-style-definition
configure:8588: gcc -c   -Wold-style-definition  conftest.c >&5
conftest.c: In function 'main':
conftest.c:18:1: warning: old-style function definition [-Wold-style-definition]
 main ()
 ^~~~
configure:8588: $? = 0
configure:8597: result: yes
configure:8613: : WARN_CFLAGS="$WARN_CFLAGS"
configure:8616: $? = 0
configure:8569: checking whether C compiler accepts -Wcast-align
configure:8588: gcc -c   -Wcast-align  conftest.c >&5
configure:8588: $? = 0
configure:8597: result: yes
configure:8613: : WARN_CFLAGS="$WARN_CFLAGS"
configure:8616: $? = 0
configure:8569: checking whether C compiler accepts -Wformat-nonliteral
configure:8588: gcc -c   -Wformat-nonliteral  conftest.c >&5
cc1: warning: -Wformat-nonliteral ignored without -Wformat [-Wformat-nonliteral]
configure:8588: $? = 0
configure:8597: result: yes
configure:8613: : WARN_CFLAGS="$WARN_CFLAGS"
configure:8616: $? = 0
configure:8569: checking whether C compiler accepts -Wformat-security
configure:8588: gcc -c   -Wformat-security  conftest.c >&5
cc1: warning: -Wformat-security ignored without -Wformat [-Wformat-security]
configure:8588: $? = 0
configure:8597: result: yes
configure:8613: : WARN_CFLAGS="$WARN_CFLAGS"
configure:8616: $? = 0
configure:8569: checking whether C compiler accepts -Wsign-compare
configure:8588: gcc -c   -Wsign-compare  conftest.c >&5
configure:8588: $? = 0
configure:8597: result: yes
configure:8613: : WARN_CFLAGS="$WARN_CFLAGS"
configure:8616: $? = 0
configure:8569: checking whether C compiler accepts -Wstrict-aliasing
configure:8588: gcc -c   -Wstrict-aliasing  conftest.c >&5
configure:8588: $? = 0
configure:8597: result: yes
configure:8613: : WARN_CFLAGS="$WARN_CFLAGS"
configure:8616: $? = 0
configure:8569: checking whether C compiler accepts -Wshadow
configure:8588: gcc -c   -Wshadow  conftest.c >&5
configure:8588: $? = 0
configure:8597: result: yes
configure:8613: : WARN_CFLAGS="$WARN_CFLAGS"
configure:8616: $? = 0
configure:8569: checking whether C compiler accepts -Winline
configure:8588: gcc -c   -Winline  conftest.c >&5
configure:8588: $? = 0
configure:8597: result: yes
configure:8613: : WARN_CFLAGS="$WARN_CFLAGS"
configure:8616: $? = 0
configure:8569: checking whether C compiler accepts -Wpacked
configure:8588: gcc -c   -Wpacked  conftest.c >&5
configure:8588: $? = 0
configure:8597: result: yes
configure:8613: : WARN_CFLAGS="$WARN_CFLAGS"
configure:8616: $? = 0
configure:8569: checking whether C compiler accepts -Wmissing-format-attribute
configure:8588: gcc -c   -Wmissing-format-attribute  conftest.c >&5
configure:8588: $? = 0
configure:8597: result: yes
configure:8613: : WARN_CFLAGS="$WARN_CFLAGS"
configure:8616: $? = 0
configure:8569: checking whether C compiler accepts -Wmissing-noreturn
configure:8588: gcc -c   -Wmissing-noreturn  conftest.c >&5
configure:8588: $? = 0
configure:8597: result: yes
configure:8613: : WARN_CFLAGS="$WARN_CFLAGS"
configure:8616: $? = 0
configure:8569: checking whether C compiler accepts -Winit-self
configure:8588: gcc -c   -Winit-self  conftest.c >&5
configure:8588: $? = 0
configure:8597: result: yes
configure:8613: : WARN_CFLAGS="$WARN_CFLAGS"
configure:8616: $? = 0
configure:8569: checking whether C compiler accepts -Wredundant-decls
configure:8597: result: yes
configure:8605: : WARN_CFLAGS already contains $flag
configure:8608: $? = 0
configure:8569: checking whether C compiler accepts -Wmissing-include-dirs
configure:8588: gcc -c   -Wmissing-include-dirs  conftest.c >&5
configure:8588: $? = 0
configure:8597: result: yes
configure:8613: : WARN_CFLAGS="$WARN_CFLAGS"
configure:8616: $? = 0
configure:8569: checking whether C compiler accepts -Wunused-but-set-variable
configure:8588: gcc -c   -Wunused-but-set-variable  conftest.c >&5
configure:8588: $? = 0
configure:8597: result: yes
configure:8613: : WARN_CFLAGS="$WARN_CFLAGS"
configure:8616: $? = 0
configure:8569: checking whether C compiler accepts -Warray-bounds
configure:8588: gcc -c   -Warray-bounds  conftest.c >&5
configure:8588: $? = 0
configure:8597: result: yes
configure:8613: : WARN_CFLAGS="$WARN_CFLAGS"
configure:8616: $? = 0
configure:8569: checking whether C compiler accepts -Wimplicit-function-declaration
configure:8588: gcc -c   -Wimplicit-function-declaration  conftest.c >&5
configure:8588: $? = 0
configure:8597: result: yes
configure:8613: : WARN_CFLAGS="$WARN_CFLAGS"
configure:8616: $? = 0
configure:8569: checking whether C compiler accepts -Wreturn-type
configure:8588: gcc -c   -Wreturn-type  conftest.c >&5
configure:8588: $? = 0
configure:8597: result: yes
configure:8613: : WARN_CFLAGS="$WARN_CFLAGS"
configure:8616: $? = 0
configure:8569: checking whether C compiler accepts -Wswitch-enum
configure:8588: gcc -c   -Wswitch-enum  conftest.c >&5
configure:8588: $? = 0
configure:8597: result: yes
configure:8613: : WARN_CFLAGS="$WARN_CFLAGS"
configure:8616: $? = 0
configure:8569: checking whether C compiler accepts -Wswitch-default
configure:8588: gcc -c   -Wswitch-default  conftest.c >&5
configure:8588: $? = 0
configure:8597: result: yes
configure:8613: : WARN_CFLAGS="$WARN_CFLAGS"
configure:8616: $? = 0
configure:8660: : WARN_CFLAGS="$WARN_CFLAGS"
configure:8663: $? = 0
configure:8686: checking whether C compiler accepts -Wno-suggest-attribute=format
configure:8705: gcc -c   -Wno-suggest-attribute=format  conftest.c >&5
configure:8705: $? = 0
configure:8714: result: yes
configure:8730: : WARN_CFLAGS="$WARN_CFLAGS"
configure:8733: $? = 0
configure:8774: checking whether C compiler accepts -Wno-error=unused-parameter
configure:8793: gcc -c   -Wno-error=unused-parameter  conftest.c >&5
configure:8793: $? = 0
configure:8802: result: yes
configure:8818: : WARN_CFLAGS="$WARN_CFLAGS"
configure:8821: $? = 0
configure:8774: checking whether C compiler accepts -Wno-error=missing-field-initializers
configure:8793: gcc -c   -Wno-error=missing-field-initializers  conftest.c >&5
configure:8793: $? = 0
configure:8802: result: yes
configure:8818: : WARN_CFLAGS="$WARN_CFLAGS"
configure:8821: $? = 0
configure:8878: checking whether C compiler accepts -Werror=unknown-warning-option
configure:8905: result: no
configure:8919: checking whether the linker accepts -Wl,--no-as-needed
configure:8938: gcc -o conftest     -Wl,--no-as-needed conftest.c  >&5
configure:8938: $? = 0
configure:8947: result: yes
configure:8962: checking whether the linker accepts -Wl,--fatal-warnings
configure:8981: gcc -o conftest     -Wl,--fatal-warnings conftest.c  >&5
configure:8981: $? = 0
configure:8990: result: yes
configure:9000: checking whether the linker accepts -Wl,-fatal_warnings
configure:9019: gcc -o conftest     -Wl,-fatal_warnings conftest.c  >&5
/usr/bin/ld: -f may not be used without -shared
collect2: error: ld returned 1 exit status
configure:9019: $? = 1
configure: failed program was:
| /* confdefs.h */
| #define PACKAGE_NAME "myproject02"
| #define PACKAGE_TARNAME "myproject02"
| #define PACKAGE_VERSION "0.1.0"
| #define PACKAGE_STRING "myproject02 0.1.0"
| #define PACKAGE_BUGREPORT "https://bugzilla.gnome.org/enter_bug.cgi?product=myproject02"
| #define PACKAGE_URL ""
| #define PACKAGE "myproject02"
| #define VERSION "0.1.0"
| #define NDEBUG /**/
| #define GETTEXT_PACKAGE "myproject02"
| #define ENABLE_NLS 1
| #define HAVE_GETTEXT 1
| #define HAVE_DCGETTEXT 1
| /* end confdefs.h.  */
| 
| int
| main ()
| {
| 
|   ;
|   return 0;
| }
configure:9028: result: no
configure:9046: checking whether the linker accepts -Wl,--no-as-needed
configure:9065: gcc -o conftest     -Wl,--no-as-needed conftest.c  >&5
configure:9065: $? = 0
configure:9075: result: yes
configure:9102: : WARN_LDFLAGS="$WARN_LDFLAGS"
configure:9105: $? = 0
configure:9211: checking whether the linker accepts -Wl,--fatal-warnings
configure:9230: gcc -o conftest     -Wl,--fatal-warnings conftest.c  >&5
configure:9230: $? = 0
configure:9240: result: yes
configure:9256: : WARN_LDFLAGS="$WARN_LDFLAGS"
configure:9259: $? = 0
configure:9319: : WARN_SCANNERFLAGS="$WARN_SCANNERFLAGS"
configure:9322: $? = 0
configure:9344: : WARN_SCANNERFLAGS="$WARN_SCANNERFLAGS"
configure:9347: $? = 0
configure:9381: : WARN_SCANNERFLAGS="$WARN_SCANNERFLAGS"
configure:9384: $? = 0
configure:9409: checking whether C compiler accepts -std=gnu11
configure:9428: gcc -c   -std=gnu11  conftest.c >&5
configure:9428: $? = 0
configure:9436: result: yes
configure:9449: checking for MYPROJECT02
configure:9456: $PKG_CONFIG --exists --print-errors "gio-2.0 >= 2.42"
configure:9459: $? = 0
configure:9473: $PKG_CONFIG --exists --print-errors "gio-2.0 >= 2.42"
configure:9476: $? = 0
configure:9534: result: yes
configure:9587: checking how to print strings
configure:9614: result: printf
configure:9635: checking for a sed that does not truncate output
configure:9699: result: /usr/bin/sed
configure:9717: checking for fgrep
configure:9779: result: /usr/bin/grep -F
configure:9814: checking for ld used by gcc
configure:9881: result: /usr/bin/ld
configure:9888: checking if the linker (/usr/bin/ld) is GNU ld
configure:9903: result: yes
configure:9915: checking for BSD- or MS-compatible name lister (nm)
configure:9969: result: /usr/bin/nm -B
configure:10099: checking the name lister (/usr/bin/nm -B) interface
configure:10106: gcc -c  -std=gnu11  conftest.c >&5
configure:10109: /usr/bin/nm -B "conftest.o"
configure:10112: output
0000000000000000 B some_variable
configure:10119: result: BSD nm
configure:10122: checking whether ln -s works
configure:10126: result: yes
configure:10134: checking the maximum length of command line arguments
configure:10265: result: 1572864
configure:10313: checking how to convert x86_64-unknown-linux-gnu file names to x86_64-unknown-linux-gnu format
configure:10353: result: func_convert_file_noop
configure:10360: checking how to convert x86_64-unknown-linux-gnu file names to toolchain format
configure:10380: result: func_convert_file_noop
configure:10387: checking for /usr/bin/ld option to reload object files
configure:10394: result: -r
configure:10468: checking for objdump
configure:10484: found /usr/bin/objdump
configure:10495: result: objdump
configure:10527: checking how to recognize dependent libraries
configure:10727: result: pass_all
configure:10812: checking for dlltool
configure:10842: result: no
configure:10872: checking how to associate runtime and link libraries
configure:10899: result: printf %s\n
configure:10959: checking for ar
configure:10975: found /usr/bin/ar
configure:10986: result: ar
configure:11023: checking for archiver @FILE support
configure:11040: gcc -c  -std=gnu11  conftest.c >&5
configure:11040: $? = 0
configure:11043: ar cru libconftest.a @conftest.lst >&5
configure:11046: $? = 0
configure:11051: ar cru libconftest.a @conftest.lst >&5
ar: conftest.o: No such file or directory
configure:11054: $? = 1
configure:11066: result: @
configure:11124: checking for strip
configure:11140: found /usr/bin/strip
configure:11151: result: strip
configure:11223: checking for ranlib
configure:11239: found /usr/bin/ranlib
configure:11250: result: ranlib
configure:11352: checking command to parse /usr/bin/nm -B output from gcc object
configure:11505: gcc -c  -std=gnu11  conftest.c >&5
configure:11508: $? = 0
configure:11512: /usr/bin/nm -B conftest.o \| sed -n -e 's/^.*[ ]\([ABCDGIRSTW][ABCDGIRSTW]*\)[ ][ ]*\([_A-Za-z][_A-Za-z0-9]*\)$/\1 \2 \2/p' | sed '/ __gnu_lto/d' \> conftest.nm
configure:11515: $? = 0
configure:11581: gcc -o conftest  -std=gnu11   conftest.c conftstm.o >&5
configure:11584: $? = 0
configure:11622: result: ok
configure:11669: checking for sysroot
configure:11699: result: no
configure:11706: checking for a working dd
configure:11744: result: /usr/bin/dd
configure:11748: checking how to truncate binary pipes
configure:11763: result: /usr/bin/dd bs=4096 count=1
configure:11899: gcc -c  -std=gnu11  conftest.c >&5
configure:11902: $? = 0
configure:12092: checking for mt
configure:12122: result: no
configure:12142: checking if : is a manifest tool
configure:12148: : '-?'
configure:12156: result: no
configure:12828: checking for ANSI C header files
configure:12848: gcc -c  -std=gnu11  conftest.c >&5
configure:12848: $? = 0
configure:12921: gcc -o conftest  -std=gnu11   conftest.c  >&5
configure:12921: $? = 0
configure:12921: ./conftest
configure:12921: $? = 0
configure:12932: result: yes
configure:12945: checking for sys/types.h
configure:12945: gcc -c  -std=gnu11  conftest.c >&5
configure:12945: $? = 0
configure:12945: result: yes
configure:12945: checking for sys/stat.h
configure:12945: gcc -c  -std=gnu11  conftest.c >&5
configure:12945: $? = 0
configure:12945: result: yes
configure:12945: checking for stdlib.h
configure:12945: gcc -c  -std=gnu11  conftest.c >&5
configure:12945: $? = 0
configure:12945: result: yes
configure:12945: checking for string.h
configure:12945: gcc -c  -std=gnu11  conftest.c >&5
configure:12945: $? = 0
configure:12945: result: yes
configure:12945: checking for memory.h
configure:12945: gcc -c  -std=gnu11  conftest.c >&5
configure:12945: $? = 0
configure:12945: result: yes
configure:12945: checking for strings.h
configure:12945: gcc -c  -std=gnu11  conftest.c >&5
configure:12945: $? = 0
configure:12945: result: yes
configure:12945: checking for inttypes.h
configure:12945: gcc -c  -std=gnu11  conftest.c >&5
configure:12945: $? = 0
configure:12945: result: yes
configure:12945: checking for stdint.h
configure:12945: gcc -c  -std=gnu11  conftest.c >&5
configure:12945: $? = 0
configure:12945: result: yes
configure:12945: checking for unistd.h
configure:12945: gcc -c  -std=gnu11  conftest.c >&5
configure:12945: $? = 0
configure:12945: result: yes
configure:12959: checking for dlfcn.h
configure:12959: gcc -c  -std=gnu11  conftest.c >&5
configure:12959: $? = 0
configure:12959: result: yes
configure:13215: checking for objdir
configure:13230: result: .libs
configure:13494: checking if gcc supports -fno-rtti -fno-exceptions
configure:13512: gcc -c  -std=gnu11  -fno-rtti -fno-exceptions conftest.c >&5
cc1: warning: command line option '-fno-rtti' is valid for C++/ObjC++ but not for C
configure:13516: $? = 0
configure:13529: result: no
configure:13887: checking for gcc option to produce PIC
configure:13894: result: -fPIC -DPIC
configure:13902: checking if gcc PIC flag -fPIC -DPIC works
configure:13920: gcc -c  -std=gnu11  -fPIC -DPIC -DPIC conftest.c >&5
configure:13924: $? = 0
configure:13937: result: yes
configure:13966: checking if gcc static flag -static works
configure:13994: result: yes
configure:14009: checking if gcc supports -c -o file.o
configure:14030: gcc -c  -std=gnu11  -o out/conftest2.o conftest.c >&5
configure:14034: $? = 0
configure:14056: result: yes
configure:14064: checking if gcc supports -c -o file.o
configure:14111: result: yes
configure:14144: checking whether the gcc linker (/usr/bin/ld -m elf_x86_64) supports shared libraries
configure:15403: result: yes
configure:15440: checking whether -lc should be explicitly linked in
configure:15448: gcc -c  -std=gnu11  conftest.c >&5
configure:15451: $? = 0
configure:15466: gcc -shared  -fPIC -DPIC conftest.o  -v -Wl,-soname -Wl,conftest -o conftest 2\>\&1 \| /usr/bin/grep  -lc  \>/dev/null 2\>\&1
configure:15469: $? = 0
configure:15483: result: no
configure:15643: checking dynamic linker characteristics
configure:16224: gcc -o conftest  -std=gnu11   -Wl,-rpath -Wl,/foo conftest.c  >&5
configure:16224: $? = 0
configure:16464: result: GNU/Linux ld.so
configure:16586: checking how to hardcode library paths into programs
configure:16611: result: immediate
configure:17159: checking whether stripping libraries is possible
configure:17164: result: yes
configure:17199: checking if libtool supports shared libraries
configure:17201: result: yes
configure:17204: checking whether to build shared libraries
configure:17229: result: yes
configure:17232: checking whether to build static libraries
configure:17236: result: yes
configure:17386: checking that generated files are newer than configure
configure:17392: result: done
configure:17431: creating ./config.status

## ---------------------- ##
## Running config.status. ##
## ---------------------- ##

This file was extended by myproject02 config.status 0.1.0, which was
generated by GNU Autoconf 2.69.  Invocation command line was

  CONFIG_FILES    = 
  CONFIG_HEADERS  = 
  CONFIG_LINKS    = 
  CONFIG_COMMANDS = 
  $ ./config.status 

on localhost.localdomain

config.status:1236: creating Makefile
config.status:1236: creating src/Makefile
config.status:1236: creating src/myproject02-version.h
config.status:1236: creating data/Makefile
config.status:1236: creating data/myproject02-0.pc
config.status:1236: creating po/Makefile.in
config.status:1236: creating config.h
config.status:1417: config.h is unchanged
config.status:1465: executing po-directories commands
config.status:1465: executing depfiles commands
config.status:1465: executing libtool commands

## ---------------- ##
## Cache variables. ##
## ---------------- ##

ac_cv_build=x86_64-unknown-linux-gnu
ac_cv_c_compiler_gnu=yes
ac_cv_env_CC_set=
ac_cv_env_CC_value=
ac_cv_env_CFLAGS_set=
ac_cv_env_CFLAGS_value=
ac_cv_env_CPPFLAGS_set=
ac_cv_env_CPPFLAGS_value=
ac_cv_env_CPP_set=
ac_cv_env_CPP_value=
ac_cv_env_LDFLAGS_set=
ac_cv_env_LDFLAGS_value=
ac_cv_env_LIBS_set=
ac_cv_env_LIBS_value=
ac_cv_env_LT_SYS_LIBRARY_PATH_set=
ac_cv_env_LT_SYS_LIBRARY_PATH_value=
ac_cv_env_MYPROJECT02_CFLAGS_set=
ac_cv_env_MYPROJECT02_CFLAGS_value=
ac_cv_env_MYPROJECT02_LIBS_set=
ac_cv_env_MYPROJECT02_LIBS_value=
ac_cv_env_PKG_CONFIG_LIBDIR_set=
ac_cv_env_PKG_CONFIG_LIBDIR_value=
ac_cv_env_PKG_CONFIG_PATH_set=
ac_cv_env_PKG_CONFIG_PATH_value=
ac_cv_env_PKG_CONFIG_set=
ac_cv_env_PKG_CONFIG_value=
ac_cv_env_build_alias_set=
ac_cv_env_build_alias_value=
ac_cv_env_host_alias_set=
ac_cv_env_host_alias_value=
ac_cv_env_target_alias_set=
ac_cv_env_target_alias_value=
ac_cv_header_dlfcn_h=yes
ac_cv_header_inttypes_h=yes
ac_cv_header_memory_h=yes
ac_cv_header_stdc=yes
ac_cv_header_stdint_h=yes
ac_cv_header_stdlib_h=yes
ac_cv_header_string_h=yes
ac_cv_header_strings_h=yes
ac_cv_header_sys_stat_h=yes
ac_cv_header_sys_types_h=yes
ac_cv_header_unistd_h=yes
ac_cv_host=x86_64-unknown-linux-gnu
ac_cv_objext=o
ac_cv_path_EGREP='/usr/bin/grep -E'
ac_cv_path_FGREP='/usr/bin/grep -F'
ac_cv_path_GIT=/usr/bin/git
ac_cv_path_GLIB_COMPILE_RESOURCES=/usr/bin/glib-compile-resources
ac_cv_path_GLIB_GENMARSHAL=/usr/bin/glib-genmarshal
ac_cv_path_GLIB_MKENUMS=/usr/bin/glib-mkenums
ac_cv_path_GMSGFMT=/usr/bin/msgfmt
ac_cv_path_GREP=/usr/bin/grep
ac_cv_path_MSGFMT=/usr/bin/msgfmt
ac_cv_path_MSGMERGE=/usr/bin/msgmerge
ac_cv_path_SED=/usr/bin/sed
ac_cv_path_XGETTEXT=/usr/bin/xgettext
ac_cv_path_ac_pt_PKG_CONFIG=/usr/bin/pkg-config
ac_cv_path_install='/usr/bin/install -c'
ac_cv_path_lt_DD=/usr/bin/dd
ac_cv_path_mkdir=/usr/bin/mkdir
ac_cv_prog_AWK=gawk
ac_cv_prog_CPP='gcc -E'
ac_cv_prog_ac_ct_AR=ar
ac_cv_prog_ac_ct_CC=gcc
ac_cv_prog_ac_ct_OBJDUMP=objdump
ac_cv_prog_ac_ct_RANLIB=ranlib
ac_cv_prog_ac_ct_STRIP=strip
ac_cv_prog_cc_c89=
ac_cv_prog_cc_g=yes
ac_cv_prog_make_make_set=yes
acl_cv_hardcode_direct=no
acl_cv_hardcode_libdir_flag_spec='${wl}-rpath ${wl}$libdir'
acl_cv_hardcode_libdir_separator=
acl_cv_hardcode_minus_L=no
acl_cv_libext=a
acl_cv_libname_spec='lib$name'
acl_cv_library_names_spec='$libname$shrext'
acl_cv_path_LD=/usr/bin/ld
acl_cv_prog_gnu_ld=yes
acl_cv_rpath=done
acl_cv_shlibext=so
acl_cv_wl=-Wl,
am_cv_CC_dependencies_compiler_type=none
am_cv_make_support_nested_variables=yes
am_cv_prog_cc_c_o=yes
am_cv_prog_tar_ustar=gnutar
ax_cv_check_cflags__Wall=yes
ax_cv_check_cflags__Warray_bounds=yes
ax_cv_check_cflags__Wcast_align=yes
ax_cv_check_cflags__Wdeclaration_after_statement=yes
ax_cv_check_cflags__Wextra=yes
ax_cv_check_cflags__Wformat_2=yes
ax_cv_check_cflags__Wformat_nonliteral=yes
ax_cv_check_cflags__Wformat_security=yes
ax_cv_check_cflags__Wimplicit_function_declaration=yes
ax_cv_check_cflags__Winit_self=yes
ax_cv_check_cflags__Winline=yes
ax_cv_check_cflags__Wmissing_declarations=yes
ax_cv_check_cflags__Wmissing_format_attribute=yes
ax_cv_check_cflags__Wmissing_include_dirs=yes
ax_cv_check_cflags__Wmissing_noreturn=yes
ax_cv_check_cflags__Wmissing_prototypes=yes
ax_cv_check_cflags__Wnested_externs=yes
ax_cv_check_cflags__Wno_error_missing_field_initializers=yes
ax_cv_check_cflags__Wno_error_unused_parameter=yes
ax_cv_check_cflags__Wno_missing_field_initializers=yes
ax_cv_check_cflags__Wno_suggest_attribute_format=yes
ax_cv_check_cflags__Wno_unused_parameter=yes
ax_cv_check_cflags__Wold_style_definition=yes
ax_cv_check_cflags__Wpacked=yes
ax_cv_check_cflags__Wpointer_arith=yes
ax_cv_check_cflags__Wredundant_decls=yes
ax_cv_check_cflags__Wreturn_type=yes
ax_cv_check_cflags__Wshadow=yes
ax_cv_check_cflags__Wsign_compare=yes
ax_cv_check_cflags__Wstrict_aliasing=yes
ax_cv_check_cflags__Wstrict_prototypes=yes
ax_cv_check_cflags__Wswitch_default=yes
ax_cv_check_cflags__Wswitch_enum=yes
ax_cv_check_cflags__Wundef=yes
ax_cv_check_cflags__Wunused_but_set_variable=yes
ax_cv_check_cflags__Wwrite_strings=yes
ax_cv_check_cflags___Werror_unknown_warning_option=no
ax_cv_check_cflags___Wno_suggest_attribute_format=yes
ax_cv_check_cflags___std_gnu11=yes
ax_cv_check_cflags__fno_strict_aliasing=yes
ax_cv_check_ldflags__Wl___fatal_warnings=yes
ax_cv_check_ldflags__Wl___no_as_needed=yes
ax_cv_check_ldflags___Wl___fatal_warnings=yes
ax_cv_check_ldflags___Wl___no_as_needed=yes
ax_cv_check_ldflags___Wl__fatal_warnings=no
gt_cv_func_CFLocaleCopyCurrent=no
gt_cv_func_CFPreferencesCopyAppValue=no
gt_cv_func_gnugettext1_libc=yes
lt_cv_ar_at_file=@
lt_cv_archive_cmds_need_lc=no
lt_cv_deplibs_check_method=pass_all
lt_cv_file_magic_cmd='$MAGIC_CMD'
lt_cv_file_magic_test_file=
lt_cv_ld_reload_flag=-r
lt_cv_nm_interface='BSD nm'
lt_cv_objdir=.libs
lt_cv_path_LD=/usr/bin/ld
lt_cv_path_NM='/usr/bin/nm -B'
lt_cv_path_mainfest_tool=no
lt_cv_prog_compiler_c_o=yes
lt_cv_prog_compiler_pic='-fPIC -DPIC'
lt_cv_prog_compiler_pic_works=yes
lt_cv_prog_compiler_rtti_exceptions=no
lt_cv_prog_compiler_static_works=yes
lt_cv_prog_gnu_ld=yes
lt_cv_sharedlib_from_linklib_cmd='printf %s\n'
lt_cv_shlibpath_overrides_runpath=no
lt_cv_sys_global_symbol_pipe='sed -n -e '\''s/^.*[	 ]\([ABCDGIRSTW][ABCDGIRSTW]*\)[	 ][	 ]*\([_A-Za-z][_A-Za-z0-9]*\)$/\1 \2 \2/p'\'' | sed '\''/ __gnu_lto/d'\'''
lt_cv_sys_global_symbol_to_c_name_address='sed -n -e '\''s/^: \(.*\) .*$/  {"\1", (void *) 0},/p'\'' -e '\''s/^[ABCDGIRSTW][ABCDGIRSTW]* .* \(.*\)$/  {"\1", (void *) \&\1},/p'\'''
lt_cv_sys_global_symbol_to_c_name_address_lib_prefix='sed -n -e '\''s/^: \(.*\) .*$/  {"\1", (void *) 0},/p'\'' -e '\''s/^[ABCDGIRSTW][ABCDGIRSTW]* .* \(lib.*\)$/  {"\1", (void *) \&\1},/p'\'' -e '\''s/^[ABCDGIRSTW][ABCDGIRSTW]* .* \(.*\)$/  {"lib\1", (void *) \&\1},/p'\'''
lt_cv_sys_global_symbol_to_cdecl='sed -n -e '\''s/^T .* \(.*\)$/extern int \1();/p'\'' -e '\''s/^[ABCDGIRSTW][ABCDGIRSTW]* .* \(.*\)$/extern char \1;/p'\'''
lt_cv_sys_global_symbol_to_import=
lt_cv_sys_max_cmd_len=1572864
lt_cv_to_host_file_cmd=func_convert_file_noop
lt_cv_to_tool_file_cmd=func_convert_file_noop
lt_cv_truncate_bin='/usr/bin/dd bs=4096 count=1'
pkg_cv_MYPROJECT02_CFLAGS='-pthread -I/usr/include/glib-2.0 -I/usr/lib64/glib-2.0/include'
pkg_cv_MYPROJECT02_LIBS='-lgio-2.0 -lgobject-2.0 -lglib-2.0'

## ----------------- ##
## Output variables. ##
## ----------------- ##














		$(CHANGELOG_GIT_FLAGS) $(CHANGELOG_GIT_RANGE) \
		$(INSTALL_DATA) $^ "$(DESTDIR)$(gsettingsschemadir)"; \
		--git-dir=$(CHANGELOG_GIT_DIR) --work-tree=$(top_srcdir) log \
		test -n "$(GSETTINGS_DISABLE_SCHEMAS_COMPILE)$(DESTDIR)" || $(GLIB_COMPILE_SCHEMAS) $(gsettingsschemadir); \
		test -z "$(gsettingsschemadir)" || $(MKDIR_P) "$(DESTDIR)$(gsettingsschemadir)"; \
		| fmt --split-only >.ChangeLog.tmp; \
	$(AM_V_GEN) $(GLIB_COMPILE_SCHEMAS) --strict --dry-run $(addprefix --schema-file=,$(gsettings__enum_file)) --schema-file=$< && mkdir -p $(@D) && touch $@
	$(AM_V_GEN) glib-mkenums --comments '\''<!-- @comment@ -->'\'' --fhead "<schemalist>" --vhead "  <@type@ id='\''$(gsettings_ENUM_NAMESPACE).@EnumName@'\''>" --vprod "    <value nick='\''@valuenick@'\'' value='\''@valuenum@'\''/>" --vtail "  </@type@>" --ftail "</schemalist>" $^ > $@.tmp && mv $@.tmp $@
	$(AM_V_GEN)if $(GIT) \
	@$(NORMAL_INSTALL)
	@$(NORMAL_UNINSTALL)
	@list='\''$(gsettings_SCHEMAS) $(gsettings__enum_file)'\''; test -n "$(gsettingsschemadir)" || list=; \
	cd "$(DESTDIR)$(gsettingsschemadir)" && rm -f $$files
	echo " ( cd '\''$(DESTDIR)$(gsettingsschemadir)'\'' && rm -f" $$files ")"; \
	else rm -f .ChangeLog.tmp; exit 1; fi
	fi
	files=`for p in $$list; do echo $$p; done | sed -e '\''s|^.*/||'\''`; \
	if test -n "$^"; then \
	rm -f $(gsettings_SCHEMAS:.xml=.valid) $(gsettings__enum_file)
	test -n "$$files" || exit 0; \
	test -n "$(GSETTINGS_DISABLE_SCHEMAS_COMPILE)$(DESTDIR)" || $(GLIB_COMPILE_SCHEMAS) $(gsettingsschemadir)
	then mv -f .ChangeLog.tmp "$(top_distdir)/ChangeLog"; \
#
#    (exclusive). (Default: include all commits)
#    ChangeLog. (Default: various)
#  - CHANGELOG_GIT_DIR: .git directory to use. (Default: $(top_srcdir)/.git)
#  - CHANGELOG_GIT_FLAGS: General flags to pass to git-log when generating the
#  - CHANGELOG_START: git commit ID or tag name to output changelogs from
# Generate ChangeLog
# Generate a ChangeLog in $(top_distdir)
# Optional:
# git-specific
$(gsettings__enum_file): $(gsettings_ENUM_FILES)
%.gschema.valid: %.gschema.xml $(gsettings__enum_file)
'
.PHONY : uninstall-gsettings-schemas install-gsettings-schemas clean-gsettings-schemas
.PHONY: dist-ChangeLog
.SECONDARY: $(gsettings_SCHEMAS)
ACLOCAL='${SHELL} /home/mhcrnl/Documents/2017/MyGnome/MyProject02/build-aux/missing aclocal-1.15'
ACLOCAL_AMFLAGS='-I m4'
AMDEPBACKSLASH='\'
AMDEP_FALSE='#'
AMDEP_TRUE=''
AMTAR='$${TAR-tar}'
AM_BACKSLASH='\'
AM_DEFAULT_V='$(AM_DEFAULT_VERBOSITY)'
AM_DEFAULT_VERBOSITY='0'
AM_V='$(V)'
API_VERSION='0'
AR='ar'
AUTOCONF='${SHELL} /home/mhcrnl/Documents/2017/MyGnome/MyProject02/build-aux/missing autoconf'
AUTOHEADER='${SHELL} /home/mhcrnl/Documents/2017/MyGnome/MyProject02/build-aux/missing autoheader'
AUTOMAKE='${SHELL} /home/mhcrnl/Documents/2017/MyGnome/MyProject02/build-aux/missing automake-1.15'
AWK='gawk'
CC='gcc'
CCDEPMODE='depmode=none'
CFLAGS=' -std=gnu11'
CHANGELOG_GIT_DIR ?= $(top_srcdir)/.git
CHANGELOG_GIT_FLAGS ?= --stat -M -C --name-status --no-color --no-decorate
CHANGELOG_GIT_RANGE =
CHANGELOG_GIT_RANGE = $(CHANGELOG_START)..
CPP='gcc -E'
CPPFLAGS=''
CYGPATH_W='echo'
DEFS='-DHAVE_CONFIG_H'
DEPDIR='.deps'
DLLTOOL='false'
DSYMUTIL=''
DUMPBIN=''
ECHO_C=''
ECHO_N='-n'
ECHO_T=''
EGREP='/usr/bin/grep -E'
ENABLE_VAPIGEN_FALSE='#'
ENABLE_VAPIGEN_TRUE=''
EXEEXT=''
FGREP='/usr/bin/grep -F'
GENERATE_CHANGELOG_RULES='
GETTEXT_MACRO_VERSION='0.19'
GETTEXT_PACKAGE='myproject02'
GIT='/usr/bin/git'
GLIB_COMPILE_RESOURCES='/usr/bin/glib-compile-resources'
GLIB_COMPILE_SCHEMAS='glib-compile-schemas'
GLIB_GENMARSHAL='/usr/bin/glib-genmarshal'
GLIB_MKENUMS='/usr/bin/glib-mkenums'
GMSGFMT='/usr/bin/msgfmt'
GMSGFMT_015='/usr/bin/msgfmt'
GREP='/usr/bin/grep'
GSETTINGS_DISABLE_SCHEMAS_COMPILE=''
GSETTINGS_RULES='
HAVE_INTROSPECTION_FALSE='#'
HAVE_INTROSPECTION_TRUE=''
INSTALL_DATA='${INSTALL} -m 644'
INSTALL_PROGRAM='${INSTALL}'
INSTALL_SCRIPT='${INSTALL}'
INSTALL_STRIP_PROGRAM='$(install_sh) -c -s'
INTLLIBS=''
INTL_MACOSX_LIBS=''
INTROSPECTION_CFLAGS='-pthread -I/usr/include/gobject-introspection-1.0 -I/usr/include/glib-2.0 -I/usr/lib64/glib-2.0/include'
INTROSPECTION_COMPILER='/usr/bin/g-ir-compiler'
INTROSPECTION_GENERATE='/usr/bin/g-ir-generate'
INTROSPECTION_GIRDIR='/usr/share/gir-1.0'
INTROSPECTION_LIBS='-lgirepository-1.0 -lgobject-2.0 -lglib-2.0'
INTROSPECTION_MAKEFILE='/usr/share/gobject-introspection-1.0/Makefile.introspection'
INTROSPECTION_SCANNER='/usr/bin/g-ir-scanner'
INTROSPECTION_TYPELIBDIR='/usr/lib64/girepository-1.0'
LD='/usr/bin/ld -m elf_x86_64'
LDFLAGS=''
LIBICONV='-liconv'
LIBINTL=''
LIBOBJS=''
LIBS=''
LIBTOOL='$(SHELL) $(top_builddir)/libtool'
LIPO=''
LN_S='ln -s'
LTLIBICONV='-liconv'
LTLIBINTL=''
LTLIBOBJS=''
LT_SYS_LIBRARY_PATH=''
MAINT=''
MAINTAINER_MODE_FALSE='#'
MAINTAINER_MODE_TRUE=''
MAJOR_VERSION='0'
MAKEINFO='${SHELL} /home/mhcrnl/Documents/2017/MyGnome/MyProject02/build-aux/missing makeinfo'
MANIFEST_TOOL=':'
MICRO_VERSION='0'
MINOR_VERSION='1'
MKDIR_P='/usr/bin/mkdir -p'
MSGFMT='/usr/bin/msgfmt'
MSGFMT_015='/usr/bin/msgfmt'
MSGMERGE='/usr/bin/msgmerge'
MYPROJECT02_CFLAGS='-pthread -I/usr/include/glib-2.0 -I/usr/lib64/glib-2.0/include'
MYPROJECT02_LIBS='-lgio-2.0 -lgobject-2.0 -lglib-2.0'
NM='/usr/bin/nm -B'
NMEDIT=''
OBJDUMP='objdump'
OBJEXT='o'
OTOOL64=''
OTOOL=''
PACKAGE='myproject02'
PACKAGE_BUGREPORT='https://bugzilla.gnome.org/enter_bug.cgi?product=myproject02'
PACKAGE_NAME='myproject02'
PACKAGE_STRING='myproject02 0.1.0'
PACKAGE_TARNAME='myproject02'
PACKAGE_URL=''
PACKAGE_VERSION='0.1.0'
PATH_SEPARATOR=':'
PKG_CONFIG='/usr/bin/pkg-config'
PKG_CONFIG_LIBDIR=''
PKG_CONFIG_PATH=''
POSUB='po'
RANLIB='ranlib'
SED='/usr/bin/sed'
SET_MAKE=''
SHELL='/bin/sh'
STRIP='strip'
USE_NLS='yes'
VAPIGEN='/usr/bin/vapigen-0.32'
VAPIGEN_MAKEFILE='/usr/share/vala/Makefile.vapigen'
VAPIGEN_VAPIDIR='/usr/share/vala/vapi'
VERSION='0.1.0'
WARN_CFLAGS='-fno-strict-aliasing -Wall -Wextra -Wundef -Wnested-externs -Wwrite-strings -Wpointer-arith -Wmissing-declarations -Wmissing-prototypes -Wstrict-prototypes -Wredundant-decls -Wno-unused-parameter -Wno-missing-field-initializers -Wdeclaration-after-statement -Wformat=2 -Wold-style-definition -Wcast-align -Wformat-nonliteral -Wformat-security -Wsign-compare -Wstrict-aliasing -Wshadow -Winline -Wpacked -Wmissing-format-attribute -Wmissing-noreturn -Winit-self -Wmissing-include-dirs -Wunused-but-set-variable -Warray-bounds -Wimplicit-function-declaration -Wreturn-type -Wswitch-enum -Wswitch-default -Werror -Wno-suggest-attribute=format -Wno-error=unused-parameter -Wno-error=missing-field-initializers'
WARN_LDFLAGS='-Wl,--no-as-needed -Wl,--fatal-warnings'
WARN_SCANNERFLAGS='              --warn-all                                                                           --warn-error         '
XGETTEXT='/usr/bin/xgettext'
XGETTEXT_015='/usr/bin/xgettext'
XGETTEXT_EXTRA_OPTIONS=''
ac_ct_AR='ar'
ac_ct_CC='gcc'
ac_ct_DUMPBIN=''
all-am: $(gsettings_SCHEMAS:.xml=.valid)
am__EXEEXT_FALSE=''
am__EXEEXT_TRUE='#'
am__fastdepCC_FALSE=''
am__fastdepCC_TRUE='#'
am__include='include'
am__isrc=''
am__leading_dot='.'
am__nodep='_no'
am__quote=''
am__tar='tar --format=ustar -chf - "$$tardir"'
am__untar='tar -xf -'
bindir='${exec_prefix}/bin'
build='x86_64-unknown-linux-gnu'
build_alias=''
build_cpu='x86_64'
build_os='linux-gnu'
build_vendor='unknown'
clean-gsettings-schemas:
datadir='${datarootdir}'
datarootdir='${prefix}/share'
dist-ChangeLog:
docdir='${datarootdir}/doc/${PACKAGE_TARNAME}'
dvidir='${docdir}'
else
endif
endif'
exec_prefix='${prefix}'
gsettings__enum_file = $(addsuffix .enums.xml,$(gsettings_ENUM_NAMESPACE))
gsettingsschemadir='${datarootdir}/glib-2.0/schemas'
host='x86_64-unknown-linux-gnu'
host_alias=''
host_cpu='x86_64'
host_os='linux-gnu'
host_vendor='unknown'
htmldir='${docdir}'
ifdef gsettings_ENUM_NAMESPACE
ifeq ($(CHANGELOG_START),)
includedir='${prefix}/include'
infodir='${datarootdir}/info'
install-data-am: install-gsettings-schemas
install-gsettings-schemas: $(gsettings_SCHEMAS) $(gsettings__enum_file)
install_sh='${SHELL} /home/mhcrnl/Documents/2017/MyGnome/MyProject02/build-aux/install-sh'
libdir='${exec_prefix}/lib'
libexecdir='${exec_prefix}/libexec'
localedir='${datarootdir}/locale'
localstatedir='${prefix}/var'
mandir='${datarootdir}/man'
mkdir_p='$(MKDIR_P)'
mostlyclean-am: clean-gsettings-schemas
oldincludedir='/usr/include'
pdfdir='${docdir}'
prefix='/usr/local'
program_transform_name='s,x,x,'
psdir='${docdir}'
sbindir='${exec_prefix}/sbin'
sharedstatedir='${prefix}/com'
sysconfdir='${prefix}/etc'
target_alias=''
uninstall-am: uninstall-gsettings-schemas
uninstall-gsettings-schemas:

## ----------- ##
## confdefs.h. ##
## ----------- ##

/* confdefs.h */
#define PACKAGE_NAME "myproject02"
#define PACKAGE_TARNAME "myproject02"
#define PACKAGE_VERSION "0.1.0"
#define PACKAGE_STRING "myproject02 0.1.0"
#define PACKAGE_BUGREPORT "https://bugzilla.gnome.org/enter_bug.cgi?product=myproject02"
#define PACKAGE_URL ""
#define PACKAGE "myproject02"
#define VERSION "0.1.0"
#define NDEBUG /**/
#define GETTEXT_PACKAGE "myproject02"
#define ENABLE_NLS 1
#define HAVE_GETTEXT 1
#define HAVE_DCGETTEXT 1
#define STDC_HEADERS 1
#define HAVE_SYS_TYPES_H 1
#define HAVE_SYS_STAT_H 1
#define HAVE_STDLIB_H 1
#define HAVE_STRING_H 1
#define HAVE_MEMORY_H 1
#define HAVE_STRINGS_H 1
#define HAVE_INTTYPES_H 1
#define HAVE_STDINT_H 1
#define HAVE_UNISTD_H 1
#define HAVE_DLFCN_H 1
#define LT_OBJDIR ".libs/"

configure: exit 0
